2025-08-17 10:36:04,745 - INFO - Final Performance Configuration:
2025-08-17 10:36:04,745 - INFO -   Parallel processing: True
2025-08-17 10:36:04,745 - INFO -   Max workers: 8
2025-08-17 10:36:04,745 - INFO -   Chunk size: 500
2025-08-17 10:36:04,745 - INFO -   Memory threshold: 5,000
2025-08-17 10:36:04,745 - INFO -   Streaming parsing: True
2025-08-17 10:36:04,745 - INFO -   Memory mapping: True
2025-08-17 10:36:04,745 - INFO - 🔒 STRICT MODE ENABLED - All function calls will be validated for parameter correctness
2025-08-17 10:36:04,745 - INFO - 🧪 TEST MODE ENABLED - Processing limited to 3 entries
2025-08-17 10:36:04,745 - WARNING - Calls directory not found: /Users/nicholastang/gvoice-sms-takeout-xml/Calls
2025-08-17 10:36:04,745 - WARNING - This may indicate the directory structure is different than expected
2025-08-17 10:36:04,746 - WARNING - Phones.vcf file not found: /Users/nicholastang/gvoice-sms-takeout-xml/Phones.vcf
2025-08-17 10:36:04,746 - WARNING - This may indicate the directory structure is different than expected
2025-08-17 10:36:04,769 - INFO - Found 2 HTML files in processing directory
2025-08-17 10:36:04,769 - INFO - ✅ Configuration validation passed
2025-08-17 10:36:04,769 - INFO - ============================================================
2025-08-17 10:36:04,769 - INFO - Starting Google Voice SMS Takeout XML Conversion
2025-08-17 10:36:04,769 - INFO - ============================================================
2025-08-17 10:36:04,769 - INFO - Processing directory: /Users/nicholastang/gvoice-sms-takeout-xml
2025-08-17 10:36:04,769 - INFO - Output directory: /Users/nicholastang/gvoice-sms-takeout-xml/conversations
2025-08-17 10:36:04,769 - INFO - Performance Configuration:
2025-08-17 10:36:04,769 - INFO -   Parallel processing: True
2025-08-17 10:36:04,769 - INFO -   Max workers: 8
2025-08-17 10:36:04,769 - INFO -   Memory efficient threshold: 5,000
2025-08-17 10:36:04,769 - INFO -   Streaming parsing: True
2025-08-17 10:36:04,769 - INFO -   Memory mapping threshold: 10MB
2025-08-17 10:36:04,769 - INFO - Configuration validation passed
2025-08-17 10:36:04,769 - INFO - Building attachment mapping...
2025-08-17 10:36:04,769 - INFO - Starting attachment mapping build process...
2025-08-17 10:36:04,769 - INFO - Starting src extraction from HTML files with source tracking
2025-08-17 10:36:04,777 - INFO - Starting src extraction with source tracking from 2 HTML files
2025-08-17 10:36:04,777 - INFO - Scanning all 2 HTML files for attachment references to ensure complete coverage
2025-08-17 10:36:04,781 - INFO - Src extraction with source tracking progress: 1/2 (50.0%) - Total unique src elements found: 1
2025-08-17 10:36:04,784 - INFO - Src extraction with source tracking progress: 2/2 (100.0%) - Total unique src elements found: 1
2025-08-17 10:36:04,784 - INFO - Completed src extraction with source tracking from 2 files. Total unique src elements: 1
2025-08-17 10:36:04,784 - INFO - Starting attachment scan in processing directory
2025-08-17 10:36:04,784 - INFO - Starting streaming attachment scan in /Users/nicholastang/gvoice-sms-takeout-xml
2025-08-17 10:36:04,796 - INFO - Attachment scan progress: 1000 files processed, 0 attachments found
2025-08-17 10:36:04,808 - INFO - Attachment scan progress: 2000 files processed, 0 attachments found
2025-08-17 10:36:04,813 - INFO - Completed attachment scan in 0.03s. Found 2 attachments out of 2356 total files
2025-08-17 10:36:04,813 - INFO - Starting src-to-filename mapping for 1 src elements and 2 attachment files
2025-08-17 10:36:04,813 - INFO - Mapping statistics:
2025-08-17 10:36:04,813 - INFO -   Total src elements: 1
2025-08-17 10:36:04,813 - INFO -   Successful mappings: 0
2025-08-17 10:36:04,813 - INFO -   Unique attachments mapped: 0
2025-08-17 10:36:04,813 - INFO -   HTML files with attachments: 0
2025-08-17 10:36:04,813 - WARNING - Found 1 failed matches out of 1 total mappings
2025-08-17 10:36:04,813 - WARNING - Sample failed matches:
2025-08-17 10:36:04,813 - WARNING -   '{{ statics.keybd_closed_png }}'
2025-08-17 10:36:04,813 - INFO - Completed attachment mapping build. Total mappings: 1
2025-08-17 10:36:04,813 - WARNING - Found 1 failed matches out of 1 total mappings
2025-08-17 10:36:04,813 - WARNING - Sample failed matches:
2025-08-17 10:36:04,813 - WARNING -   '{{ statics.keybd_closed_png }}'
2025-08-17 10:36:04,813 - WARNING - Found 1 failed matches - this is unexpected with the new algorithm
2025-08-17 10:36:04,813 - WARNING - Sample failed matches:
2025-08-17 10:36:04,813 - WARNING -   '{{ statics.keybd_closed_png }}'
2025-08-17 10:36:04,813 - WARNING - Please check if this indicates a data corruption issue
2025-08-17 10:36:04,813 - INFO - Found 1 attachment mappings in 0.04s
2025-08-17 10:36:04,813 - INFO - Copying mapped attachments...
2025-08-17 10:36:04,813 - INFO - Starting comprehensive attachment copying...
2025-08-17 10:36:04,813 - INFO - Found 0 unique attachments to copy
2025-08-17 10:36:04,813 - INFO - Attachment copying completed: 0 copied, 0 skipped, 0 errors
2025-08-17 10:36:04,813 - INFO - Total attachments in directory: 0
2025-08-17 10:36:04,813 - INFO - Attachment copying completed in 0.00s
2025-08-17 10:36:04,813 - INFO - Processing HTML files...
2025-08-17 10:36:04,814 - ERROR - Calls directory not found: /Users/nicholastang/gvoice-sms-takeout-xml/Calls
2025-08-17 10:36:04,814 - INFO - Processed 0 SMS, 0 images, 0 vCards in 0.00s
2025-08-17 10:36:04,814 - INFO - Finalizing conversation files...
2025-08-17 10:36:04,814 - INFO - Generated index.html with 0 conversation files
2025-08-17 10:36:04,814 - INFO - ============================================================
2025-08-17 10:36:04,814 - INFO - CONVERSION RESULTS
2025-08-17 10:36:04,814 - INFO - ============================================================
2025-08-17 10:36:04,814 - INFO - Total SMS messages processed: 0
2025-08-17 10:36:04,814 - INFO - Total images processed: 0
2025-08-17 10:36:04,814 - INFO - Total vCard contacts processed: 0
2025-08-17 10:36:04,814 - INFO - Total calls processed: 0
2025-08-17 10:36:04,814 - INFO - Total voicemails processed: 0
2025-08-17 10:36:04,814 - INFO - Total processing time: 0.04 seconds
2025-08-17 10:36:04,814 - INFO - Output directory: /Users/nicholastang/gvoice-sms-takeout-xml/conversations
2025-08-17 10:36:04,814 - INFO - ============================================================
2025-08-17 10:36:04,814 - INFO - Performance Breakdown:
2025-08-17 10:36:04,814 - INFO -   Attachment mapping: 0.04s (98.5%)
2025-08-17 10:36:04,814 - INFO -   Attachment copying: 0.00s (0.3%)
2025-08-17 10:36:04,814 - INFO -   HTML processing: 0.00s (0.1%)
2025-08-17 10:36:04,814 - INFO -   File finalization: 0.00s (0.0%)
2025-08-17 10:36:04,814 - INFO -   Index generation: 0.00s (0.7%)
2025-08-17 10:36:04,814 - INFO - Throughput: 0.0 attachments/second
2025-08-17 10:36:04,814 - INFO - ============================================================
2025-08-17 10:36:04,814 - INFO - Conversion completed successfully!
2025-08-17 10:36:04,814 - INFO - ============================================================
2025-08-18 23:03:47,134 - INFO - Final Performance Configuration:
2025-08-18 23:03:47,134 - INFO -   Parallel processing: True
2025-08-18 23:03:47,134 - INFO -   Max workers: 8
2025-08-18 23:03:47,134 - INFO -   Chunk size: 500
2025-08-18 23:03:47,134 - INFO -   Memory threshold: 5,000
2025-08-18 23:03:47,134 - INFO -   Streaming parsing: True
2025-08-18 23:03:47,134 - INFO -   Memory mapping: False
2025-08-18 23:03:47,134 - INFO - 🔒 STRICT MODE ENABLED - All function calls will be validated for parameter correctness
2025-08-18 23:03:47,134 - INFO - 🧪 TEST MODE ENABLED - Processing limited to 1000 entries
2025-08-18 23:03:47,134 - WARNING - Calls directory not found: /Users/nicholastang/gvoice-sms-takeout-xml/Calls
2025-08-18 23:03:47,134 - WARNING - This may indicate the directory structure is different than expected
2025-08-18 23:03:47,134 - WARNING - Phones.vcf file not found: /Users/nicholastang/gvoice-sms-takeout-xml/Phones.vcf
2025-08-18 23:03:47,134 - WARNING - This may indicate the directory structure is different than expected
2025-08-18 23:03:47,150 - INFO - Found 5 HTML files in processing directory
2025-08-18 23:03:47,150 - INFO - ✅ Configuration validation passed
2025-08-18 23:03:47,150 - INFO - ============================================================
2025-08-18 23:03:47,151 - INFO - Starting Google Voice SMS Takeout XML Conversion
2025-08-18 23:03:47,151 - INFO - ============================================================
2025-08-18 23:03:47,151 - INFO - Processing directory: /Users/nicholastang/gvoice-sms-takeout-xml
2025-08-18 23:03:47,151 - INFO - Output directory: /Users/nicholastang/gvoice-sms-takeout-xml/conversations
2025-08-18 23:03:47,151 - INFO - Performance Configuration:
2025-08-18 23:03:47,151 - INFO -   Parallel processing: True
2025-08-18 23:03:47,151 - INFO -   Max workers: 8
2025-08-18 23:03:47,151 - INFO -   Memory efficient threshold: 5,000
2025-08-18 23:03:47,151 - INFO -   Streaming parsing: True
2025-08-18 23:03:47,151 - INFO -   Memory mapping threshold: 10MB
2025-08-18 23:03:47,151 - INFO - Configuration validation passed
2025-08-18 23:03:47,151 - INFO - Building attachment mapping...
2025-08-18 23:03:47,151 - INFO - Starting attachment mapping build process...
2025-08-18 23:03:47,151 - INFO - Starting src extraction from HTML files with source tracking
2025-08-18 23:03:47,163 - INFO - Starting src extraction with source tracking from 5 HTML files
2025-08-18 23:03:47,163 - INFO - Scanning all 5 HTML files for attachment references to ensure complete coverage
2025-08-18 23:03:47,171 - INFO - Src extraction with source tracking progress: 2/5 (40.0%) - Total unique src elements found: 1
2025-08-18 23:03:47,175 - INFO - Src extraction with source tracking progress: 4/5 (80.0%) - Total unique src elements found: 1
2025-08-18 23:03:47,176 - INFO - Completed src extraction with source tracking from 5 files. Total unique src elements: 1
2025-08-18 23:03:47,176 - INFO - Starting attachment scan in processing directory
2025-08-18 23:03:47,176 - INFO - Starting streaming attachment scan in /Users/nicholastang/gvoice-sms-takeout-xml
2025-08-18 23:03:47,189 - INFO - Attachment scan progress: 1000 files processed, 0 attachments found
2025-08-18 23:03:47,203 - INFO - Attachment scan progress: 2000 files processed, 0 attachments found
2025-08-18 23:03:47,211 - INFO - Completed attachment scan in 0.03s. Found 2 attachments out of 2525 total files
2025-08-18 23:03:47,211 - INFO - Starting src-to-filename mapping for 1 src elements and 2 attachment files
2025-08-18 23:03:47,211 - INFO - Mapping statistics:
2025-08-18 23:03:47,211 - INFO -   Total src elements: 1
2025-08-18 23:03:47,211 - INFO -   Successful mappings: 0
2025-08-18 23:03:47,211 - INFO -   Unique attachments mapped: 0
2025-08-18 23:03:47,211 - INFO -   HTML files with attachments: 0
2025-08-18 23:03:47,211 - WARNING - Found 1 failed matches out of 1 total mappings
2025-08-18 23:03:47,211 - WARNING - Sample failed matches:
2025-08-18 23:03:47,211 - WARNING -   '{{ statics.keybd_closed_png }}'
2025-08-18 23:03:47,211 - INFO - Completed attachment mapping build. Total mappings: 1
2025-08-18 23:03:47,211 - WARNING - Found 1 failed matches out of 1 total mappings
2025-08-18 23:03:47,211 - WARNING - Sample failed matches:
2025-08-18 23:03:47,211 - WARNING -   '{{ statics.keybd_closed_png }}'
2025-08-18 23:03:47,211 - WARNING - Found 1 failed matches - this is unexpected with the new algorithm
2025-08-18 23:03:47,211 - WARNING - Sample failed matches:
2025-08-18 23:03:47,211 - WARNING -   '{{ statics.keybd_closed_png }}'
2025-08-18 23:03:47,211 - WARNING - Please check if this indicates a data corruption issue
2025-08-18 23:03:47,211 - INFO - Found 1 attachment mappings in 0.06s
2025-08-18 23:03:47,212 - INFO - Copying mapped attachments...
2025-08-18 23:03:47,212 - INFO - Starting comprehensive attachment copying...
2025-08-18 23:03:47,212 - INFO - Found 0 unique attachments to copy
2025-08-18 23:03:47,212 - INFO - Attachment copying completed: 0 copied, 0 skipped, 0 errors
2025-08-18 23:03:47,212 - INFO - Total attachments in directory: 0
2025-08-18 23:03:47,212 - INFO - Attachment copying completed in 0.00s
2025-08-18 23:03:47,212 - INFO - Processing HTML files...
2025-08-18 23:03:47,212 - ERROR - Calls directory not found: /Users/nicholastang/gvoice-sms-takeout-xml/Calls
2025-08-18 23:03:47,212 - INFO - Processed 0 SMS, 0 images, 0 vCards in 0.00s
2025-08-18 23:03:47,212 - INFO - Finalizing conversation files...
2025-08-18 23:03:47,213 - INFO - Generated index.html with 0 conversation files
2025-08-18 23:03:47,213 - INFO - ============================================================
2025-08-18 23:03:47,213 - INFO - CONVERSION RESULTS
2025-08-18 23:03:47,213 - INFO - ============================================================
2025-08-18 23:03:47,213 - INFO - Total SMS messages processed: 0
2025-08-18 23:03:47,213 - INFO - Total images processed: 0
2025-08-18 23:03:47,213 - INFO - Total vCard contacts processed: 0
2025-08-18 23:03:47,213 - INFO - Total calls processed: 0
2025-08-18 23:03:47,213 - INFO - Total voicemails processed: 0
2025-08-18 23:03:47,213 - INFO - Total processing time: 0.06 seconds
2025-08-18 23:03:47,213 - INFO - Output directory: /Users/nicholastang/gvoice-sms-takeout-xml/conversations
2025-08-18 23:03:47,213 - INFO - ============================================================
2025-08-18 23:03:47,213 - INFO - Performance Breakdown:
2025-08-18 23:03:47,213 - INFO -   Attachment mapping: 0.06s (98.7%)
2025-08-18 23:03:47,213 - INFO -   Attachment copying: 0.00s (0.3%)
2025-08-18 23:03:47,213 - INFO -   HTML processing: 0.00s (0.1%)
2025-08-18 23:03:47,213 - INFO -   File finalization: 0.00s (0.0%)
2025-08-18 23:03:47,213 - INFO -   Index generation: 0.00s (1.3%)
2025-08-18 23:03:47,213 - INFO - Throughput: 0.0 attachments/second
2025-08-18 23:03:47,213 - INFO - ============================================================
2025-08-18 23:03:47,213 - INFO - Conversion completed successfully!
2025-08-18 23:03:47,213 - INFO - ============================================================
